This is pdfTeX, Version 3.141592653-2.6-1.40.25 (MiKTeX 23.9.24) (preloaded format=pdflatex 2023.9.29)  6 OCT 2023 15:49
entering extended mode
 restricted \write18 enabled.
 %&-line parsing enabled.
**C:/Projects/shapley_SD/paper/dataxide_paper_1.tex
(C:/Projects/shapley_SD/paper/dataxide_paper_1.tex
LaTeX2e <2023-06-01> patch level 1
L3 programming layer <2023-08-29>
(C:\Users\alexi\AppData\Local\Programs\MiKTeX\tex/latex/base\article.cls
Document Class: article 2023/05/17 v1.4n Standard LaTeX document class
(C:\Users\alexi\AppData\Local\Programs\MiKTeX\tex/latex/base\size10.clo
File: size10.clo 2023/05/17 v1.4n Standard LaTeX file (size option)
)
\c@part=\count185
\c@section=\count186
\c@subsection=\count187
\c@subsubsection=\count188
\c@paragraph=\count189
\c@subparagraph=\count190
\c@figure=\count191
\c@table=\count192
\abovecaptionskip=\skip48
\belowcaptionskip=\skip49
\bibindent=\dimen140
)
(C:\Users\alexi\AppData\Local\Programs\MiKTeX\tex/latex/preprint\authblk.sty
Package: authblk 2001/02/27 1.3 (PWD)
\affilsep=\skip50
\@affilsep=\skip51
\c@Maxaffil=\count193
\c@authors=\count194
\c@affil=\count195
)
(C:\Users\alexi\AppData\Local\Programs\MiKTeX\tex/latex/tools\array.sty
Package: array 2022/09/04 v2.5g Tabular extension package (FMi)
\col@sep=\dimen141
\ar@mcellbox=\box51
\extrarowheight=\dimen142
\NC@list=\toks17
\extratabsurround=\skip52
\backup@length=\skip53
\ar@cellbox=\box52
)
(C:\Users\alexi\AppData\Local\Programs\MiKTeX\tex/latex/enumitem\enumitem.sty
Package: enumitem 2019/06/20 v3.9 Customized lists
\enitkv@toks@=\toks18
\labelindent=\skip54
\enit@outerparindent=\dimen143
\enit@toks=\toks19
\enit@inbox=\box53
\enit@count@id=\count196
\enitdp@description=\count197
)
(C:\Users\alexi\AppData\Local\Programs\MiKTeX\tex/latex/graphics\graphicx.sty
Package: graphicx 2021/09/16 v1.2d Enhanced LaTeX Graphics (DPC,SPQR)

(C:\Users\alexi\AppData\Local\Programs\MiKTeX\tex/latex/graphics\keyval.sty
Package: keyval 2022/05/29 v1.15 key=value parser (DPC)
\KV@toks@=\toks20
)
(C:\Users\alexi\AppData\Local\Programs\MiKTeX\tex/latex/graphics\graphics.sty
Package: graphics 2022/03/10 v1.4e Standard LaTeX Graphics (DPC,SPQR)

(C:\Users\alexi\AppData\Local\Programs\MiKTeX\tex/latex/graphics\trig.sty
Package: trig 2021/08/11 v1.11 sin cos tan (DPC)
)
(C:\Users\alexi\AppData\Local\Programs\MiKTeX\tex/latex/graphics-cfg\graphics.c
fg
File: graphics.cfg 2016/06/04 v1.11 sample graphics configuration
)
Package graphics Info: Driver file: pdftex.def on input line 107.

(C:\Users\alexi\AppData\Local\Programs\MiKTeX\tex/latex/graphics-def\pdftex.def
File: pdftex.def 2022/09/22 v1.2b Graphics/color driver for pdftex
))
\Gin@req@height=\dimen144
\Gin@req@width=\dimen145
)
(C:\Users\alexi\AppData\Local\Programs\MiKTeX\tex/latex/caption\subcaption.sty
Package: subcaption 2023/07/28 v1.6b Sub-captions (AR)

(C:\Users\alexi\AppData\Local\Programs\MiKTeX\tex/latex/caption\caption.sty
Package: caption 2023/07/31 v3.6n Customizing captions (AR)

(C:\Users\alexi\AppData\Local\Programs\MiKTeX\tex/latex/caption\caption3.sty
Package: caption3 2023/07/31 v2.4d caption3 kernel (AR)
\caption@tempdima=\dimen146
\captionmargin=\dimen147
\caption@leftmargin=\dimen148
\caption@rightmargin=\dimen149
\caption@width=\dimen150
\caption@indent=\dimen151
\caption@parindent=\dimen152
\caption@hangindent=\dimen153
Package caption Info: Standard document class detected.
)
\c@caption@flags=\count198
\c@continuedfloat=\count199
)
Package caption Info: New subtype `subfigure' on input line 238.
\c@subfigure=\count266
Package caption Info: New subtype `subtable' on input line 238.
\c@subtable=\count267
) (C:\Users\alexi\AppData\Local\Programs\MiKTeX\tex/latex/hyperref\hyperref.sty
Package: hyperref 2023-07-08 v7.01b Hypertext links for LaTeX

(C:\Users\alexi\AppData\Local\Programs\MiKTeX\tex/generic/ltxcmds\ltxcmds.sty
Package: ltxcmds 2020-05-10 v1.25 LaTeX kernel commands for general use (HO)
)
(C:\Users\alexi\AppData\Local\Programs\MiKTeX\tex/generic/iftex\iftex.sty
Package: iftex 2022/02/03 v1.0f TeX engine tests
)
(C:\Users\alexi\AppData\Local\Programs\MiKTeX\tex/generic/pdftexcmds\pdftexcmds
.sty
Package: pdftexcmds 2020-06-27 v0.33 Utility functions of pdfTeX for LuaTeX (HO
)

(C:\Users\alexi\AppData\Local\Programs\MiKTeX\tex/generic/infwarerr\infwarerr.s
ty
Package: infwarerr 2019/12/03 v1.5 Providing info/warning/error messages (HO)
)
Package pdftexcmds Info: \pdf@primitive is available.
Package pdftexcmds Info: \pdf@ifprimitive is available.
Package pdftexcmds Info: \pdfdraftmode found.
)
(C:\Users\alexi\AppData\Local\Programs\MiKTeX\tex/latex/kvsetkeys\kvsetkeys.sty
Package: kvsetkeys 2022-10-05 v1.19 Key value parser (HO)
)
(C:\Users\alexi\AppData\Local\Programs\MiKTeX\tex/generic/kvdefinekeys\kvdefine
keys.sty
Package: kvdefinekeys 2019-12-19 v1.6 Define keys (HO)
)
(C:\Users\alexi\AppData\Local\Programs\MiKTeX\tex/generic/pdfescape\pdfescape.s
ty
Package: pdfescape 2019/12/09 v1.15 Implements pdfTeX's escape features (HO)
) (C:\Users\alexi\AppData\Local\Programs\MiKTeX\tex/latex/hycolor\hycolor.sty
Package: hycolor 2020-01-27 v1.10 Color options for hyperref/bookmark (HO)
)
(C:\Users\alexi\AppData\Local\Programs\MiKTeX\tex/latex/letltxmacro\letltxmacro
.sty
Package: letltxmacro 2019/12/03 v1.6 Let assignment for LaTeX macros (HO)
)
(C:\Users\alexi\AppData\Local\Programs\MiKTeX\tex/latex/auxhook\auxhook.sty
Package: auxhook 2019-12-17 v1.6 Hooks for auxiliary files (HO)
)
(C:\Users\alexi\AppData\Local\Programs\MiKTeX\tex/latex/hyperref\nameref.sty
Package: nameref 2023-08-07 v2.53 Cross-referencing by name of section

(C:\Users\alexi\AppData\Local\Programs\MiKTeX\tex/latex/refcount\refcount.sty
Package: refcount 2019/12/15 v3.6 Data extraction from label references (HO)
)
(C:\Users\alexi\AppData\Local\Programs\MiKTeX\tex/generic/gettitlestring\gettit
lestring.sty
Package: gettitlestring 2019/12/15 v1.6 Cleanup title references (HO)

(C:\Users\alexi\AppData\Local\Programs\MiKTeX\tex/latex/kvoptions\kvoptions.sty
Package: kvoptions 2022-06-15 v3.15 Key value format for package options (HO)
))
\c@section@level=\count268
)
(C:\Users\alexi\AppData\Local\Programs\MiKTeX\tex/latex/etoolbox\etoolbox.sty
Package: etoolbox 2020/10/05 v2.5k e-TeX tools for LaTeX (JAW)
\etb@tempcnta=\count269
)
\@linkdim=\dimen154
\Hy@linkcounter=\count270
\Hy@pagecounter=\count271

(C:\Users\alexi\AppData\Local\Programs\MiKTeX\tex/latex/hyperref\pd1enc.def
File: pd1enc.def 2023-07-08 v7.01b Hyperref: PDFDocEncoding definition (HO)
Now handling font encoding PD1 ...
... no UTF-8 mapping file for font encoding PD1
)
(C:\Users\alexi\AppData\Local\Programs\MiKTeX\tex/generic/intcalc\intcalc.sty
Package: intcalc 2019/12/15 v1.3 Expandable calculations with integers (HO)
)
\Hy@SavedSpaceFactor=\count272

(C:\Users\alexi\AppData\Local\Programs\MiKTeX\tex/latex/hyperref\puenc.def
File: puenc.def 2023-07-08 v7.01b Hyperref: PDF Unicode definition (HO)
Now handling font encoding PU ...
... no UTF-8 mapping file for font encoding PU
)
Package hyperref Info: Hyper figures OFF on input line 4167.
Package hyperref Info: Link nesting OFF on input line 4172.
Package hyperref Info: Hyper index ON on input line 4175.
Package hyperref Info: Plain pages OFF on input line 4182.
Package hyperref Info: Backreferencing OFF on input line 4187.
Package hyperref Info: Implicit mode ON; LaTeX internals redefined.
Package hyperref Info: Bookmarks ON on input line 4434.
\c@Hy@tempcnt=\count273

(C:\Users\alexi\AppData\Local\Programs\MiKTeX\tex/latex/url\url.sty
\Urlmuskip=\muskip16
Package: url 2013/09/16  ver 3.4  Verb mode for urls, etc.
)
LaTeX Info: Redefining \url on input line 4772.
\XeTeXLinkMargin=\dimen155

(C:\Users\alexi\AppData\Local\Programs\MiKTeX\tex/generic/bitset\bitset.sty
Package: bitset 2019/12/09 v1.3 Handle bit-vector datatype (HO)

(C:\Users\alexi\AppData\Local\Programs\MiKTeX\tex/generic/bigintcalc\bigintcalc
.sty
Package: bigintcalc 2019/12/15 v1.5 Expandable calculations on big integers (HO
)
))
\Fld@menulength=\count274
\Field@Width=\dimen156
\Fld@charsize=\dimen157
Package hyperref Info: Hyper figures OFF on input line 6051.
Package hyperref Info: Link nesting OFF on input line 6056.
Package hyperref Info: Hyper index ON on input line 6059.
Package hyperref Info: backreferencing OFF on input line 6066.
Package hyperref Info: Link coloring OFF on input line 6071.
Package hyperref Info: Link coloring with OCG OFF on input line 6076.
Package hyperref Info: PDF/A mode OFF on input line 6081.

(C:\Users\alexi\AppData\Local\Programs\MiKTeX\tex/latex/base\atbegshi-ltx.sty
Package: atbegshi-ltx 2021/01/10 v1.0c Emulation of the original atbegshi
package with kernel methods
)
\Hy@abspage=\count275
\c@Item=\count276
\c@Hfootnote=\count277
)
Package hyperref Info: Driver (autodetected): hpdftex.
(C:\Users\alexi\AppData\Local\Programs\MiKTeX\tex/latex/hyperref\hpdftex.def
File: hpdftex.def 2023-07-08 v7.01b Hyperref driver for pdfTeX

(C:\Users\alexi\AppData\Local\Programs\MiKTeX\tex/latex/base\atveryend-ltx.sty
Package: atveryend-ltx 2020/08/19 v1.0a Emulation of the original atveryend pac
kage
with kernel methods
)
\Fld@listcount=\count278
\c@bookmark@seq@number=\count279

(C:\Users\alexi\AppData\Local\Programs\MiKTeX\tex/latex/rerunfilecheck\rerunfil
echeck.sty
Package: rerunfilecheck 2022-07-10 v1.10 Rerun checks for auxiliary files (HO)

(C:\Users\alexi\AppData\Local\Programs\MiKTeX\tex/generic/uniquecounter\uniquec
ounter.sty
Package: uniquecounter 2019/12/15 v1.4 Provide unlimited unique counter (HO)
)
Package uniquecounter Info: New unique counter `rerunfilecheck' on input line 2
85.
)
\Hy@SectionHShift=\skip55
)
(C:\Users\alexi\AppData\Local\Programs\MiKTeX\tex/latex/multirow\multirow.sty
Package: multirow 2021/03/15 v2.8 Span multiple rows of a table
\multirow@colwidth=\skip56
\multirow@cntb=\count280
\multirow@dima=\skip57
\bigstrutjot=\dimen158
)
(C:\Users\alexi\AppData\Local\Programs\MiKTeX\tex/latex/tools\tabularx.sty
Package: tabularx 2020/01/15 v2.11c `tabularx' package (DPC)
\TX@col@width=\dimen159
\TX@old@table=\dimen160
\TX@old@col=\dimen161
\TX@target=\dimen162
\TX@delta=\dimen163
\TX@cols=\count281
\TX@ftn=\toks21
)
(C:\Users\alexi\AppData\Local\Programs\MiKTeX\tex/latex/l3backend\l3backend-pdf
tex.def
File: l3backend-pdftex.def 2023-04-19 L3 backend support: PDF output (pdfTeX)
\l__color_backend_stack_int=\count282
\l__pdf_internal_box=\box54
)
No file dataxide_paper_1.aux.
\openout1 = `dataxide_paper_1.aux'.

LaTeX Font Info:    Checking defaults for OML/cmm/m/it on input line 20.
LaTeX Font Info:    ... okay on input line 20.
LaTeX Font Info:    Checking defaults for OMS/cmsy/m/n on input line 20.
LaTeX Font Info:    ... okay on input line 20.
LaTeX Font Info:    Checking defaults for OT1/cmr/m/n on input line 20.
LaTeX Font Info:    ... okay on input line 20.
LaTeX Font Info:    Checking defaults for T1/cmr/m/n on input line 20.
LaTeX Font Info:    ... okay on input line 20.
LaTeX Font Info:    Checking defaults for TS1/cmr/m/n on input line 20.
LaTeX Font Info:    ... okay on input line 20.
LaTeX Font Info:    Checking defaults for OMX/cmex/m/n on input line 20.
LaTeX Font Info:    ... okay on input line 20.
LaTeX Font Info:    Checking defaults for U/cmr/m/n on input line 20.
LaTeX Font Info:    ... okay on input line 20.
LaTeX Font Info:    Checking defaults for PD1/pdf/m/n on input line 20.
LaTeX Font Info:    ... okay on input line 20.
LaTeX Font Info:    Checking defaults for PU/pdf/m/n on input line 20.
LaTeX Font Info:    ... okay on input line 20.

(C:\Users\alexi\AppData\Local\Programs\MiKTeX\tex/context/base/mkii\supp-pdf.mk
ii
[Loading MPS to PDF converter (version 2006.09.02).]
\scratchcounter=\count283
\scratchdimen=\dimen164
\scratchbox=\box55
\nofMPsegments=\count284
\nofMParguments=\count285
\everyMPshowfont=\toks22
\MPscratchCnt=\count286
\MPscratchDim=\dimen165
\MPnumerator=\count287
\makeMPintoPDFobject=\count288
\everyMPtoPDFconversion=\toks23
)
(C:\Users\alexi\AppData\Local\Programs\MiKTeX\tex/latex/epstopdf-pkg\epstopdf-b
ase.sty
Package: epstopdf-base 2020-01-24 v2.11 Base part for package epstopdf
Package epstopdf-base Info: Redefining graphics rule for `.eps' on input line 4
85.

(C:\Users\alexi\AppData\Local\Programs\MiKTeX\tex/latex/00miktex\epstopdf-sys.c
fg
File: epstopdf-sys.cfg 2021/03/18 v2.0 Configuration of epstopdf for MiKTeX
))
Package caption Info: Begin \AtBeginDocument code.
Package caption Info: hyperref package is loaded.
Package caption Info: End \AtBeginDocument code.
Package hyperref Info: Link coloring OFF on input line 20.
\@outlinefile=\write3
\openout3 = `dataxide_paper_1.out'.

LaTeX Font Info:    External font `cmex10' loaded for size
(Font)              <12> on input line 23.
LaTeX Font Info:    External font `cmex10' loaded for size
(Font)              <8> on input line 23.
LaTeX Font Info:    External font `cmex10' loaded for size
(Font)              <6> on input line 23.


LaTeX Warning: Citation `vaswani2023attention' on page 1 undefined on input lin
e 29.


LaTeX Warning: Citation `radford2019language' on page 1 undefined on input line
 31.

[1

{C:/Users/alexi/AppData/Local/MiKTeX/fonts/map/pdftex/pdftex.map}] [2]

LaTeX Warning: Citation `shapley1953value' on page 3 undefined on input line 52
.


LaTeX Warning: Citation `ghorbani2019data' on page 3 undefined on input line 54
.

[3]

LaTeX Warning: Citation `lundberg2017unified' on page 4 undefined on input line
 56.


LaTeX Warning: Citation `kokalj-etal-2021-bert' on page 4 undefined on input li
ne 56.


Overfull \hbox (16.31873pt too wide) in paragraph at lines 56--57
\OT1/cmr/m/n/10 ing in-spi-ra-tion from how it is im-ple-mented in the \OT1/cmr
/bx/n/10 SHAP \OT1/cmr/m/n/10 [[]] pack-age for transformer-
 []


LaTeX Warning: Reference `tab:table_1' on page 4 undefined on input line 58.

LaTeX Font Info:    External font `cmex10' loaded for size
(Font)              <7> on input line 62.
LaTeX Font Info:    External font `cmex10' loaded for size
(Font)              <5> on input line 62.

LaTeX Warning: Reference `fig:figure_1' on page 4 undefined on input line 80.


LaTeX Warning: Reference `fig:figure_2' on page 4 undefined on input line 80.


LaTeX Warning: Citation `carlini2023extracting' on page 4 undefined on input li
ne 80.


LaTeX Warning: Reference `fig:figure_3' on page 4 undefined on input line 80.

<images/fig1-1.jpg, id=26, 513.92pt x 513.92pt>
File: images/fig1-1.jpg Graphic file (type jpg)
<use images/fig1-1.jpg>
Package pdftex.def Info: images/fig1-1.jpg  used on input line 87.
(pdftex.def)             Requested size: 110.40253pt x 110.39653pt.
<images/fig1-2.png, id=27, 513.92pt x 513.92pt>
File: images/fig1-2.png Graphic file (type png)
<use images/fig1-2.png>
Package pdftex.def Info: images/fig1-2.png  used on input line 93.
(pdftex.def)             Requested size: 110.40253pt x 110.39653pt.
<images/fig1-3.png, id=28, 513.92pt x 513.92pt>
File: images/fig1-3.png Graphic file (type png)
<use images/fig1-3.png>
Package pdftex.def Info: images/fig1-3.png  used on input line 99.
(pdftex.def)             Requested size: 110.40253pt x 110.39653pt.

LaTeX Warning: `!h' float specifier changed to `!ht'.

<images/fig2-1.jpg, id=29, 513.92pt x 513.92pt>
File: images/fig2-1.jpg Graphic file (type jpg)
<use images/fig2-1.jpg>
Package pdftex.def Info: images/fig2-1.jpg  used on input line 113.
(pdftex.def)             Requested size: 110.40253pt x 110.39653pt.
<images/fig2-2.jpg, id=30, 513.92pt x 513.92pt>
File: images/fig2-2.jpg Graphic file (type jpg)
<use images/fig2-2.jpg>
Package pdftex.def Info: images/fig2-2.jpg  used on input line 119.
(pdftex.def)             Requested size: 110.40253pt x 110.39653pt.
<images/fig2-3.png, id=31, 513.92pt x 513.92pt>
File: images/fig2-3.png Graphic file (type png)
<use images/fig2-3.png>
Package pdftex.def Info: images/fig2-3.png  used on input line 125.
(pdftex.def)             Requested size: 110.40253pt x 110.39653pt.

LaTeX Warning: `!h' float specifier changed to `!ht'.

<images/fig3-1.jpg, id=32, 513.92pt x 513.92pt>
File: images/fig3-1.jpg Graphic file (type jpg)
<use images/fig3-1.jpg>
Package pdftex.def Info: images/fig3-1.jpg  used on input line 139.
(pdftex.def)             Requested size: 82.8019pt x 82.80132pt.
<images/fig3-2.jpg, id=33, 513.92pt x 513.92pt>
File: images/fig3-2.jpg Graphic file (type jpg)
<use images/fig3-2.jpg>
Package pdftex.def Info: images/fig3-2.jpg  used on input line 145.
(pdftex.def)             Requested size: 82.8019pt x 82.80132pt.
<images/fig3-3.png, id=34, 513.92pt x 513.92pt>
File: images/fig3-3.png Graphic file (type png)
<use images/fig3-3.png>
Package pdftex.def Info: images/fig3-3.png  used on input line 151.
(pdftex.def)             Requested size: 82.8019pt x 82.80132pt.
<images/fig3-4.png, id=35, 513.92pt x 513.92pt>
File: images/fig3-4.png Graphic file (type png)
<use images/fig3-4.png>
Package pdftex.def Info: images/fig3-4.png  used on input line 157.
(pdftex.def)             Requested size: 82.8019pt x 82.80132pt.

LaTeX Warning: `!h' float specifier changed to `!ht'.

[4]

LaTeX Warning: Citation `radford2021learning' on page 5 undefined on input line
 169.

[5 <C:/Projects/shapley_SD/paper/images/fig1-1.jpg> <C:/Projects/shapley_SD/pap
er/images/fig1-2.png> <C:/Projects/shapley_SD/paper/images/fig1-3.png> <C:/Proj
ects/shapley_SD/paper/images/fig2-1.jpg> <C:/Projects/shapley_SD/paper/images/f
ig2-2.jpg> <C:/Projects/shapley_SD/paper/images/fig2-3.png> <C:/Projects/shaple
y_SD/paper/images/fig3-1.jpg> <C:/Projects/shapley_SD/paper/images/fig3-2.jpg> 
<C:/Projects/shapley_SD/paper/images/fig3-3.png> <C:/Projects/shapley_SD/paper/
images/fig3-4.png>]

LaTeX Warning: Citation `rombach2021highresolution' on page 6 undefined on inpu
t line 171.

[6]

LaTeX Warning: Citation `image-style-study-2023-part1' on page 7 undefined on i
nput line 180.


Overfull \hbox (0.13953pt too wide) in paragraph at lines 184--185
[]\OT1/cmr/m/n/10 We have aug-mented the ex-ist-ing method-ol-ogy with a par-ti
c-u-lar log-i-cal frame-
 []

[7]
Overfull \hbox (4.30617pt too wide) in paragraph at lines 188--189
[]\OT1/cmr/m/n/10 Upon re-flec-tion, we rec-og-nized the piv-otal sig-nif-i-can
ce of ap-pro-pri-ately crafted
 []


LaTeX Warning: Reference `tab:table_2' on page 8 undefined on input line 193.

File: images/fig4-1.png Graphic file (type png)
<use images/fig4-1.png>
Package pdftex.def Info: images/fig4-1.png  used on input line 207.
(pdftex.def)             Requested size: 73.97733pt x 73.97148pt.
File: images/fig4-2.png Graphic file (type png)
<use images/fig4-2.png>
Package pdftex.def Info: images/fig4-2.png  used on input line 207.
(pdftex.def)             Requested size: 73.97733pt x 73.97148pt.
File: images/fig4-3.png Graphic file (type png)
<use images/fig4-3.png>
Package pdftex.def Info: images/fig4-3.png  used on input line 207.
(pdftex.def)             Requested size: 73.97733pt x 73.97148pt.
File: images/fig4-4.png Graphic file (type png)
<use images/fig4-4.png>
Package pdftex.def Info: images/fig4-4.png  used on input line 207.
(pdftex.def)             Requested size: 73.97733pt x 73.97148pt.
File: images/fig4-5.png Graphic file (type png)
<use images/fig4-5.png>
Package pdftex.def Info: images/fig4-5.png  used on input line 207.
(pdftex.def)             Requested size: 73.97733pt x 73.97148pt.
File: images/fig4-6.png Graphic file (type png)
<use images/fig4-6.png>
Package pdftex.def Info: images/fig4-6.png  used on input line 207.
(pdftex.def)             Requested size: 73.97733pt x 73.97148pt.
File: images/fig4-7.png Graphic file (type png)
<use images/fig4-7.png>
Package pdftex.def Info: images/fig4-7.png  used on input line 207.
(pdftex.def)             Requested size: 73.97733pt x 73.97148pt.
File: images/fig4-8.png Graphic file (type png)
<use images/fig4-8.png>
Package pdftex.def Info: images/fig4-8.png  used on input line 207.
(pdftex.def)             Requested size: 73.97733pt x 73.97148pt.
File: images/fig4-9.png Graphic file (type png)
<use images/fig4-9.png>
Package pdftex.def Info: images/fig4-9.png  used on input line 207.
(pdftex.def)             Requested size: 73.97733pt x 73.97148pt.
File: images/fig4-10.png Graphic file (type png)
<use images/fig4-10.png>
Package pdftex.def Info: images/fig4-10.png  used on input line 207.
(pdftex.def)             Requested size: 73.97733pt x 73.97148pt.
File: images/fig4-11.png Graphic file (type png)
<use images/fig4-11.png>
Package pdftex.def Info: images/fig4-11.png  used on input line 207.
(pdftex.def)             Requested size: 73.97733pt x 73.97148pt.
File: images/fig4-12.png Graphic file (type png)
<use images/fig4-12.png>
Package pdftex.def Info: images/fig4-12.png  used on input line 207.
(pdftex.def)             Requested size: 73.97733pt x 73.97148pt.
File: images/fig4-13.png Graphic file (type png)
<use images/fig4-13.png>
Package pdftex.def Info: images/fig4-13.png  used on input line 207.
(pdftex.def)             Requested size: 73.97733pt x 73.97148pt.
File: images/fig4-14.png Graphic file (type png)
<use images/fig4-14.png>
Package pdftex.def Info: images/fig4-14.png  used on input line 207.
(pdftex.def)             Requested size: 73.97733pt x 73.97148pt.
File: images/fig4-15.png Graphic file (type png)
<use images/fig4-15.png>
Package pdftex.def Info: images/fig4-15.png  used on input line 207.
(pdftex.def)             Requested size: 73.97733pt x 73.97148pt.
File: images/fig4-16.png Graphic file (type png)
<use images/fig4-16.png>
Package pdftex.def Info: images/fig4-16.png  used on input line 207.
(pdftex.def)             Requested size: 73.97733pt x 73.97148pt.

Underfull \hbox (badness 10000) in alignment at lines 207--207
[][][][] 
 []


LaTeX Warning: `!h' float specifier changed to `!ht'.

[8] [9 <C:/Projects/shapley_SD/paper/images/fig4-1.png> <C:/Projects/shapley_SD
/paper/images/fig4-2.png> <C:/Projects/shapley_SD/paper/images/fig4-3.png> <C:/
Projects/shapley_SD/paper/images/fig4-4.png> <C:/Projects/shapley_SD/paper/imag
es/fig4-5.png> <C:/Projects/shapley_SD/paper/images/fig4-6.png> <C:/Projects/sh
apley_SD/paper/images/fig4-7.png> <C:/Projects/shapley_SD/paper/images/fig4-8.p
ng
!pdfTeX error: pdflatex: fwrite() failed
 ==> Fatal error occurred, no output PDF file produced!
